==============================================================================
Suites                                                                        
==============================================================================
Suites.SetupAndTearDown                                                       
==============================================================================
Opening Browser
TC1 Prepaid Recharge                                                  Login to Application
This is prepaid recharge testcase
Logout to Application
| PASS |
------------------------------------------------------------------------------
TC2 Postpaid Recharge                                                 Login to Application
This is postpaid recharge testcase
Logout to Application
| PASS |
------------------------------------------------------------------------------
TC3 Search                                                            Login to Application
This is Search testcase
Logout to Application
| PASS |
------------------------------------------------------------------------------
TC4 Advanced Search                                                   Login to Application
This is Adv Search testcase
Logout to Application
| PASS |
------------------------------------------------------------------------------
Closing Browser
Suites.SetupAndTearDown                                               | PASS |
4 tests, 4 passed, 0 failed
==============================================================================
Suites                                                                | PASS |
4 tests, 4 passed, 0 failed
==============================================================================
Output:  D:\Robot\pabot_results\17\output.xml
