==============================================================================
Suites                                                                        
==============================================================================
Suites.DDT1                                                                   
==============================================================================
Right user empty pass                                                 | PASS |
------------------------------------------------------------------------------
Right user empty pass                                                 | PASS |
------------------------------------------------------------------------------
Right user empty pass                                                   
  Traceback (most recent call last):
    ~~~~~~~~~~~~~~~~~~~~~~~~~~~~~~~~~~~~~~~~~~~~~~~~~~~~~~~~~~~~~~~~~~~~~~~~~~
    File  D:\Robot\TestCases\DDT1.robot:15
    T:  Right user empty pass    
    ~~~~~~~~~~~~~~~~~~~~~~~~~~~~~~~~~~~~~~~~~~~~~~~~~~~~~~~~~~~~~~~~~~~~~~~~~~
    File  D:\Robot\TestCases\DDT1.robot:15
      Invalid login    test@gmail.com    123456
    ~~~~~~~~~~~~~~~~~~~~~~~~~~~~~~~~~~~~~~~~~~~~~~~~~~~~~~~~~~~~~~~~~~~~~~~~~~
    File  D:\Robot\TestCases\DDT1.robot:24
      Error message should be visible    
    ~~~~~~~~~~~~~~~~~~~~~~~~~~~~~~~~~~~~~~~~~~~~~~~~~~~~~~~~~~~~~~~~~~~~~~~~~~
    File  D:\Robot\Resources\login_resources.robot:33
      Page Should Contain    Login was unsuccessful
______________________________________________________________________________
| FAIL |
Page should have contained text 'Login was unsuccessful' but did not.
------------------------------------------------------------------------------
Suites.DDT1                                                           | FAIL |
3 tests, 2 passed, 1 failed
==============================================================================
Suites                                                                | FAIL |
3 tests, 2 passed, 1 failed
==============================================================================
Output:  D:\Robot\pabot_results\4\output.xml
