==============================================================================
Suites                                                                        
==============================================================================
Suites.TC01                                                                   
==============================================================================
LoginTest                                                               
  Traceback (most recent call last):
    ~~~~~~~~~~~~~~~~~~~~~~~~~~~~~~~~~~~~~~~~~~~~~~~~~~~~~~~~~~~~~~~~~~~~~~~~~~
    File  D:\Robot\TestCases\TC01.robot:9
    T:  LoginTest    
    ~~~~~~~~~~~~~~~~~~~~~~~~~~~~~~~~~~~~~~~~~~~~~~~~~~~~~~~~~~~~~~~~~~~~~~~~~~
    File  D:\Robot\TestCases\TC01.robot:12
      Close Browser    
______________________________________________________________________________
| FAIL |
Execution terminated by signal
------------------------------------------------------------------------------
Suites.TC01                                                           | FAIL |
1 test, 0 passed, 1 failed
==============================================================================
Suites                                                                | FAIL |
1 test, 0 passed, 1 failed
==============================================================================
Output:  D:\Robot\pabot_results\19\output.xml
