==============================================================================
Suites                                                                        
==============================================================================
Suites.ImplicitWait                                                           
==============================================================================
RegTest                                                               0 seconds
10 seconds
  
  Traceback (most recent call last):
    ~~~~~~~~~~~~~~~~~~~~~~~~~~~~~~~~~~~~~~~~~~~~~~~~~~~~~~~~~~~~~~~~~~~~~~~~~~
    File  D:\Robot\TestCases\ImplicitWait.robot:9
    T:  RegTest    
    ~~~~~~~~~~~~~~~~~~~~~~~~~~~~~~~~~~~~~~~~~~~~~~~~~~~~~~~~~~~~~~~~~~~~~~~~~~
    File  D:\Robot\TestCases\ImplicitWait.robot:28
      Select Radio Button    Gender2    M
______________________________________________________________________________
| FAIL |
No radio button with name 'Gender2' and value 'M' found.
------------------------------------------------------------------------------
Suites.ImplicitWait                                                   | FAIL |
1 test, 0 passed, 1 failed
==============================================================================
Suites                                                                | FAIL |
1 test, 0 passed, 1 failed
==============================================================================
Output:  D:\Robot\pabot_results\8\output.xml
